compile#20031208-1.c
compile#20000511-1.c
execute#20020411-1.c
execute#fprintf-2.c
execute#pr61725.c
compile#921011-2.c
compile#pr99822.c
compile#pr36172.c
compile#20040220-1.c
compile#lbug.c
compile#pr31034.c
compile#20021001-1.c
compile#pr58332.c
execute#931102-1.c
execute#strlen-2.c
execute#20030821-1.c
execute#pr78170.c
execute#20030903-1.c
compile#20040304-1.c
compile#pr54321.c
execute#20011008-3.c
execute#alias-4.c
compile#const-high-part.c
execute#pr61375.c
compile#20120917-1.c
compile#20031023-3.c
execute#20040411-1.c
execute#pr56837.c
execute#vrp-1.c
compile#20030405-2.c
compile#pr37327.c
execute#991221-1.c
compile#20040303-2.c
execute#memcpy-bi.c
compile#20070419-1.c
compile#calls.c
compile#20040101-1.c
compile#20030220-1.c
execute#991030-1.c
compile#pr58775.c
compile#pr100576.c
execute#pr31605.c
execute#ieee#920810-1.c
execute#pr101335.c
execute#pr23135.c
compile#20010117-2.c
compile#920821-2.c
execute#990106-2.c
compile#920501-16.c
execute#20031204-1.c
compile#20080628-1.c
execute#20070517-1.c
execute#pr58277-2.c
compile#addcc.c
compile#mregtst.c
execute#compare-2.c
compile#widechar-1.c
execute#20000605-1.c
compile#20021204-1.c
compile#pr47265.c
execute#bitfld-10.c
execute#va-arg-8.c
compile#pr82838.c
execute#pr24142.c
compile#20200313-1.c
execute#bf-sign-2.c
compile#20000728-1.c
execute#20060420-1.c
compile#20001018-1.c
execute#20051021-1.c
execute#20030914-1.c
execute#builtins#strpcpy-2-lib.c
execute#pr43438.c
execute#multdi-1.c
execute#pr49218.c
compile#pr51069.c
compile#pr101159.c
execute#pr57124.c
compile#BUG3.c
execute#pr21964-1.c
execute#pr79121.c
compile#pr27282.c
compile#cc.c
compile#pr77754-4.c
compile#test.c
execute#pr80421.c
execute#pr86528.c
execute#strcmp-1.c
compile#UQIcmp.c
execute#pr105984.c
execute#pr78477.c
compile#pr48596.c
execute#pr64260.c
compile#combine-hang.c
execute#builtins#lib#strcspn.c
execute#p18298.c
execute#pr67226.c
execute#pr78438.c
compile#941113-1.c
compile#20081108-2.c
compile#20070906-1.c
compile#mul.c
execute#ieee#mzero3.c
compile#921019-1.c
execute#20080813-1.c
compile#20021205-1.c
execute#pr29156.c
compile#pr92231.c
execute#builtins#fprintf-lib.c
execute#20100430-1.c
compile#pr39360.c
execute#20001031-1.c
execute#20001229-1.c
compile#float.c
compile#pr27373.c
execute#divconst-2.c
compile#pr81290.c
execute#20020810-1.c
execute#20140212-1.c
execute#20030105-1.c
compile#pr52437.c
compile#920501-23.c
execute#pr67929_1.c
compile#20010404-1.c
compile#20121027-1.c
compile#pr59569-2.c
execute#20071220-2.c
execute#950809-1.c
execute#20030313-1.c
compile#20200105-2.c
execute#simd-1.c
execute#anon-1.c
compile#pr53163.c
execute#20001009-2.c
compile#pr40233.c
execute#loop-11.c
compile#20050105-1.c
compile#pr22422.c
execute#pr82192.c
execute#20060910-1.c
execute#strct-pack-2.c
execute#pr22061-4.c
compile#arr.c
compile#conv.c
compile#pr32399.c
execute#951204-1.c
compile#20000211-1.c
execute#pr54985.c
compile#20151204.c
compile#pr91919.c
execute#pr41935.c
execute#eeprof-1.c
compile#pr42998.c
compile#pr44063.c
execute#pr38236.c
execute#vprintf-1.c
compile#pr55921.c
execute#930526-1.c
execute#20030109-1.c
execute#941014-2.c
execute#20030224-2.c
execute#20120427-2.c
compile#ic.c
execute#memset-1.c
compile#921109-1.c
compile#20010503-1.c
execute#930429-2.c
execute#pr66940.c
execute#pr70429.c
compile#pr21030.c
execute#index-1.c
execute#20020904-1.c
compile#20040130-1.c
execute#pr63302.c
execute#pr52286.c
compile#hi.c
compile#20040730-1.c
execute#pr60822.c
execute#920501-4.c
compile#pr98629.c
execute#pr45034.c
execute#991112-1.c
compile#xz.c
compile#20000609-1.c
compile#20000120-2.c
execute#20041213-2.c
execute#va-arg-pack-1.c
compile#20000105-1.c
execute#ieee#pr50310.c
compile#20080910-1.c
compile#20000518-1.c
compile#20071203-1.c
compile#pr30132.c
execute#builtins#fprintf.c
execute#pr58662.c
compile#pr37432.c
compile#20180605-1.c
compile#920409-1.c
compile#pr39941.c
compile#loop386.c
compile#pr40797.c
execute#931004-13.c
execute#pr84339.c
execute#vla-dealloc-1.c
execute#990324-1.c
compile#20030416-1.c
compile#pr91725.c
compile#20090303-1.c
compile#pr78362.c
execute#pr43784.c
compile#pr48335-1.c
compile#pr46002.c
execute#nestfunc-2.c
execute#pr56051.c
execute#pr31448.c
execute#920908-2.c
execute#20011113-1.c
execute#20000722-1.c
execute#20061220-1.c
compile#20041211-1.c
execute#20040409-2w.c
execute#pr105777.c
compile#20010102-1.c
compile#20010107-1.c
compile#pr34966.c
execute#pr60062.c
compile#990107-1.c
compile#pr51077.c
execute#950704-1.c
compile#andsi.c
execute#20140828-1.c
execute#pr87623.c
execute#zero-struct-2.c
execute#pr85331.c
execute#printf-1.c
execute#strlen-3.c
execute#pr103255.c
compile#init-2.c
execute#strct-varg-1.c
execute#pr93434.c
compile#pr13066-1.c
execute#991202-1.c
compile#pr32169.c
execute#pr46019.c
execute#20031010-1.c
compile#950221-1.c
execute#20110418-1.c
compile#pr37078.c
compile#pr32919.c
execute#pr37573.c
execute#pr19687.c
compile#20030704-1.c
compile#pr40753.c
compile#20000818-1.c
execute#bitfld-3.c
compile#inline-asm-1.c
execute#ashldi-1.c
execute#20030323-1.c
compile#pr37387.c
execute#20040331-1.c
compile#931013-3.c
execute#990106-1.c
compile#pr37207.c
execute#921013-1.c
compile#pr93533.c
execute#991227-1.c
compile#pr69740-1.c
compile#990801-1.c
compile#pr106030.c
compile#pr49206.c
compile#pr39834.c
execute#pr45262.c
execute#pr37780.c
execute#980424-1.c
compile#PYRBUG.c
execute#pr82388.c
compile#20031220-2.c
compile#pr25861.c
compile#920928-2.c
compile#pr71916.c
execute#pr68381.c
execute#ieee#fp-cmp-5.c
execute#pr94724.c
compile#aaa.c
compile#20010903-1.c
compile#941014-3.c
execute#981019-1.c
compile#20060202-1.c
execute#20090113-1.c
compile#u.c
execute#pr68321.c
compile#930621-1.c
execute#pr58365.c
execute#pr27364.c
compile#20011229-2.c
compile#pr38771.c
execute#align-3.c
execute#920202-1.c
execute#20000706-4.c
execute#pr34768-2.c
compile#951106-1.c
compile#xorn.c
compile#pr36154.c
compile#pr47364-1.c
compile#bc.c
execute#20070212-1.c
compile#pr36988.c
compile#mdouble.c
compile#pr71872.c
compile#pr41728.c
compile#mipscop-4.c
execute#bf-layout-1.c
execute#20020720-1.c
execute#builtins#vsprintf-chk-lib.c
compile#init-3.c
compile#920909-1.c
compile#pr28489.c
compile#950329-1.c
compile#980504-1.c
compile#pr35869.c
compile#pr37418-2.c
compile#20070129.c
compile#c1.c
execute#loop-6.c
execute#ieee#builtin-nan-1.c
execute#pr97386-1.c
execute#pr36343.c
compile#20031124-1.c
execute#pr51023.c
compile#20011130-2.c
compat#struct-i.c
execute#20040409-2.c
execute#builtins#strcat-chk.c
compile#20020309-2.c
execute#pr92904.c
compile#pr46107.c
compile#pr99324.c
compile#pr45969-1.c
compile#poor.c
compile#950816-1.c
execute#pr65369.c
execute#struct-ret-2.c
compile#pr59919.c
compile#pr65540.c
compile#20020304-1.c
execute#builtins#pr22237.c
execute#pr71554.c
compile#pr42025-2.c
compile#920428-2.c
execute#pr49886.c
compile#20030415-1.c
execute#20031003-1.c
execute#pr29006.c
compile#vector-3.c
compile#pr98849.c
execute#20010118-1.c
compile#SFset.c
execute#20100805-1.c
execute#pr22098-2.c
compile#930503-2.c
compile#pr98199.c
compile#pr71272.c
compile#pr12899.c
execute#20040311-1.c
execute#pr22630.c
compile#921103-1.c
execute#nestfunc-7.c
compile#pr64067.c
compile#b1.c
compile#ase.c
compile#20030921-1.c
execute#pr68143_1.c
compile#981001-1.c
compile#920615-1.c
execute#960117-1.c
execute#pr94591.c
execute#970217-1.c
compile#20030216-1.c
execute#20030128-1.c
compile#pr101437.c
compile#pr70199.c
compile#pr58901-1.c
compile#20191108-1.c
compile#pr33133.c
compile#20060625-1.c
compile#20000502-1.c
compile#complex-5.c
execute#961017-2.c
execute#921208-1.c
execute#pr93945.c
execute#compndlit-1.c
execute#multi-ix.c
execute#builtins#sprintf-chk.c
compile#930411-1.c
compile#ww.c
execute#20040218-1.c
execute#va-arg-18.c
compile#20030703-1.c
compile#pr49163.c
compile#930503-1.c
compile#pr34127.c
compile#20071107-1.c
compile#pr42237.c
compile#20120830-1.c
compile#pr83547.c
execute#pr90311.c
compile#920828-1.c
execute#builtins#abs-1-lib.c
compile#pr45182.c
compile#20011106-1.c
execute#pr57860.c
execute#pr47925.c
execute#pr78856.c
compile#990517-1.c
compile#930210-1.c
execute#builtins#fputs.c
compile#pr21293.c
execute#921112-1.c
compile#scal.c
execute#loop-2d.c
execute#pr23047.c
execute#pr63641.c
execute#pr97404.c
execute#pr47299.c
execute#pr81423.c
execute#pr90949.c
compile#pr33122.c
compile#pr37742.c
execute#ieee#mzero2.c
compile#20030320-1.c
execute#shiftdi.c
compile#pr52115.c
execute#alloca-1.c
execute#pr65418-2.c
compile#complex-3.c
execute#ieee#fp-cmp-7.c
execute#builtins#memops-asm.c
compile#pr84195.c
execute#pr63209.c
compile#20140723-1.c
compile#20030319-1.c
compile#960106-1.c
execute#930921-1.c
execute#20041214-1.c
execute#pr56982.c
execute#20021010-2.c
execute#vrp-4.c
execute#20090113-3.c
compile#pr43415.c
execute#pr78720.c
execute#930513-2.c
compile#pr46034.c
execute#20191023-1.c
compile#pr28776-2.c
compile#103818.c
compile#20011205-1.c
execute#pr57344-4.c
compile#930120-1.c
compile#limits-structmem.c
compile#pr43614.c
compile#pr80357.c
compile#20060208-1.c
compile#pr78439.c
execute#960317-1.c
execute#loop-2f.c
execute#pr42142.c
execute#pr89369.c
execute#960312-1.c
compile#20190827-1.c
compile#pr81262.c
compile#920928-4.c
execute#20020402-3.c
compile#20020109-2.c
execute#builtins#strncat-chk.c
execute#20050826-1.c
compile#bcopy-1.c
compile#xneg.c
compile#920625-1.c
execute#20041212-1.c
compile#pr37955.c
compile#20001109-1.c
compile#pr44043.c
execute#991216-1.c
execute#pr48809.c
compile#931102-1.c
execute#builtin-constant.c
compile#20010209-1.c
execute#930929-1.c
execute#pr57131.c
compile#930109-1.c
compile#pr60556.c
execute#pr44575.c
execute#memcpy-2.c
compile#20070603-2.c
compile#pr79197.c
execute#941202-1.c
compile#pr36238.c
compile#20010701-1.c
execute#ieee#hugeval.c
compile#pr48641.c
execute#20060905-1.c
execute#930208-1.c
execute#ieee#compare-fp-4.c
execute#921215-1.c
compile#930603-1.c
execute#pr43560.c
execute#pr33669.c
compile#pr55851.c
compile#trunc.c
execute#20140425-1.c
compile#gen_tst.c
execute#ieee#inf-2.c
compile#20011114-2.c
compile#931004-1.c
compile#modcc.c
compile#20031002-1.c
compile#900116-1.c
execute#960909-1.c
compile#pr34648.c
compile#pr41679.c
execute#931002-1.c
execute#pr29695-1.c
execute#20080222-1.c
execute#960402-1.c
compile#pr27571.c
execute#20070424-1.c
execute#pr58726.c
compile#981001-4.c
compile#920624-1.c
execute#builtins#lib#strncmp.c
execute#pr81555.c
compile#ex.c
execute#ffs-2.c
execute#20020508-2.c
compile#pr49049.c
compile#20030410-1.c
compile#20090721-1.c
execute#complex-5.c
execute#bswap-1.c
compile#acc.c
execute#20000314-3.c
compile#950530-1.c
compile#20010113-1.c
execute#pr28403.c
compile#pr23445.c
execute#20000917-1.c
execute#921007-1.c
execute#builtins#strncpy-chk.c
compile#limits-externalid.c
compile#vector-dup-1.c
compile#20041005-1.c
compile#pr40026.c
compile#run.c
execute#941025-1.c
compile#20030305-1.c
compile#pr69989-2.c
execute#20021011-1.c
execute#20000801-2.c
execute#builtins#lib#strncpy.c
compile#pr59134.c
execute#20011217-1.c
execute#990117-1.c
execute#pr84521.c
execute#loop-14.c
compile#pp.c
execute#return-addr.c
compile#20121010-1.c
compile#pr82389.c
compile#20030903-1.c
execute#vprintf-chk-1.c
execute#931004-8.c
compile#pr35595.c
compile#pr51247.c
compile#compound-literal-2.c
compile#fnul.c
execute#vrp-3.c
compile#950816-3.c
compile#pr43188.c
execute#pr68911.c
compile#20001226-1.c
execute#widechar-2.c
compile#20051228-1.c
compile#pr40321.c
compile#pr49735.c
execute#pr91450-1.c
compile#pr27341-2.c
execute#980707-1.c
compile#960201-1.c
execute#stdarg-1.c
execute#20050218-1.c
compile#builtin_unreachable-1.c
execute#strncmp-1.c
execute#builtins#strstr.c
execute#pr38151.c
execute#longlong.c
execute#20190820-1.c
compile#20001024-1.c
compile#pr100305.c
execute#20050316-3.c
compile#20010117-1.c
compile#20001205-1.c
compile#pr43661.c
execute#20030626-1.c
compile#pr79386.c
compile#pr37976.c
execute#941021-1.c
compile#pr97141.c
compile#pr39779.c
execute#20050613-1.c
execute#pr61306-2.c
execute#20090207-1.c
execute#pr19606.c
compile#pr58344.c
execute#pr34099-2.c
execute#pr38969.c
execute#20080719-1.c
execute#builtins#strnlen.c
execute#930529-1.c
compile#921202-2.c
compile#pr65153.c
compile#991213-2.c
execute#vfprintf-chk-1.c
execute#20101013-1.c
compile#pr52891-1.c
compile#pr33855.c
execute#strlen-6.c
execute#20040625-1.c
compile#20120727-2.c
execute#20040307-1.c
compile#BUG25.c
execute#pr56962.c
execute#builtins#lib#strcmp.c
compile#pr40035.c
compile#pr20928.c
execute#restrict-1.c
compile#920721-1.c
compile#pr16566-1.c
compile#961031-1.c
compile#950613-1.c
compile#pr21638.c
compile#920825-1.c
execute#950621-1.c
execute#20010711-1.c
compile#20031113-1.c
compile#pr41101.c
compile#980706-1.c
compile#pr37913.c
compile#20000718.c
execute#960608-1.c
compile#fq.c
compile#pr78883.c
compile#20060609-1.c
execute#pr59413.c
execute#20020108-1.c
compile#20090907-1.c
execute#pr80153.c
execute#pr61306-1.c
compile#960514-1.c
compile#20120830-2.c
compile#foo.c
compile#20001123-2.c
compile#pr79780.c
compile#shft.c
execute#20170111-1.c
execute#20010910-1.c
execute#961026-1.c
execute#string-opt-5.c
compile#20031023-1.c
compile#20030910-1.c
compile#pr94144.c
execute#builtin-bitops-1.c
execute#pr97695.c
compile#pr100106.c
execute#wchar_t-1.c
compile#pr70633.c
compile#20010408-1.c
compile#pr44119.c
execute#20010206-1.c
execute#pr54471.c
execute#va-arg-10.c
execute#20050121-1.c
execute#pr44202-1.c
compile#pr22013-1.c
compile#QIcmp.c
execute#builtins#complex-1-lib.c
execute#20040409-3w.c
execute#pr27073.c
compile#20001123-1.c
execute#complex-6.c
compile#20040323-1.c
execute#20060929-1.c
execute#20120105-1.c
compile#950816-2.c
compile#930421-1.c
execute#931004-11.c
compile#20010329-1.c
compile#20071108-1.c
execute#pr53645.c
execute#pr50865.c
compile#pr37669-2.c
execute#builtins#printf.c
execute#20030117-1.c
execute#pr36691.c
compile#991214-1.c
execute#va-arg-22.c
compile#920428-6.c
execute#pr85582-2.c
compile#pr80422.c
execute#20020716-1.c
execute#pr55750.c
compile#pr92063.c
execute#960311-2.c
execute#complex-7.c
execute#961125-1.c
compile#pr60655-2.c
execute#20071030-1.c
compile#20040901-1.c
compile#990117-1.c
execute#20180921-1.c
compile#pr69209.c
execute#pr103376.c
compile#20031227-1.c
execute#20120919-1.c
compile#20050202-1.c
execute#20031012-1.c
execute#pr57861.c
execute#pr46909-2.c
compile#930222-1.c
execute#pr41750.c
compile#20010313-1.c
execute#loop-12.c
execute#pr69320-4.c
compile#20000326-2.c
compile#nand.c
execute#960405-1.c
execute#20001111-1.c
execute#pr78622.c
execute#20111208-1.c
execute#builtins#strcspn.c
compile#pr87110.c
execute#20141107-1.c
compile#pr33614.c
compile#pr86123.c
execute#pr98853-1.c
compile#pr72802.c
compile#pr21728.c
compile#pr19736.c
compile#pr92618.c
execute#pr97421-1.c
execute#20040302-1.c
compile#20120727-1.c
compile#pr54713-1.c
compile#pr89998-1.c
compile#vla-const-2.c
execute#ieee#fp-cmp-2.c
execute#20010209-1.c
compile#pr31703.c
execute#pr71335.c
execute#pr7284-1.c
execute#alias-access-path-1.c
compile#930618-1.c
compile#980408-1.c
compile#20000804-1.c
execute#pr49712.c
compile#pr38343.c
execute#builtins#memcmp.c
compile#941014-4.c
compile#950922-1.c
compile#20080704-1.c
compile#pr46934.c
execute#921218-1.c
execute#ieee#pr28634.c
compile#20110906-1.c
execute#pr31169.c
execute#builtins#vsprintf-chk.c
compile#20010605-1.c
execute#pr66233.c
compile#pr25224.c
execute#20080502-1.c
execute#20060110-2.c
execute#20041218-2.c
compile#pr16808.c
compile#pr58340.c
execute#20050119-1.c
execute#pr64242.c
compile#labels-2.c
execute#20040208-1.c
compile#bx.c
execute#pr69320-2.c
compile#pr21380.c
execute#950512-1.c
compile#pr18299-1.c
compile#pr97144.c
compile#HIcmp.c
execute#pr65648.c
execute#ieee#copysign2.c
compile#pr26840.c
execute#20000412-6.c
execute#960521-1.c
compile#pr94179.c
compile#20080806-1.c
compile#labels-3.c
compile#pr46534.c
execute#pr94567.c
execute#pr58277-1.c
compile#981223-1.c
compile#20041119-1.c
compile#pr39423-2.c
compile#pr65873.c
execute#pr47148.c
execute#pr88693.c
execute#990513-1.c
compile#pr36666.c
execute#pr59358.c
compile#pr39423-1.c
compile#pr93949.c
compile#991213-3.c
compile#920808-1.c
compile#pr93174.c
compile#struct-non-lval-1.c
compile#920501-7.c
execute#20020320-1.c
compile#p.c
execute#20121108-1.c
execute#20000205-1.c
compat#struct-ii.c
compile#pr23233-1.c
execute#mul-sext.c
execute#980929-1.c
compile#20001221-1.c
execute#pr68185.c
compile#20050801-1.c
compile#pr32571.c
execute#pr40022.c
execute#ieee#fp-cmp-4l.c
execute#pr71700.c
execute#20040831-1.c
execute#pr53465.c
execute#pr44942.c
compile#pr34029-2.c
execute#pr69320-3.c
execute#builtins#lib#strchr.c
compile#pr42927.c
execute#pr88714.c
execute#pr63843.c
compile#pr65595.c
execute#pr37102.c
compile#20140213.c
execute#931004-6.c
compile#pr52375.c
compile#pr48136.c
compile#pr63282.c
execute#pr98366.c
execute#20010924-1.c
execute#divconst-3.c
execute#ieee#fp-cmp-8.c
compile#libcall-1.c
execute#20000914-1.c
execute#pr39501.c
execute#pr104814.c
execute#990127-1.c
compile#pr26725.c
compile#pr79284.c
compile#pr92372.c
execute#pr40668.c
execute#builtins#lib#strlen.c
compile#20091215-1.c
execute#builtins#strncmp-2.c
execute#20070824-1.c
execute#frame-address.c
compile#pr83051-2.c
execute#20010224-1.c
compile#pr59569-1.c
compile#pr96998.c
execute#pr40579.c
compile#20100915-1.c
compile#pr83448.c
execute#pr96549.c
execute#va-arg-20.c
execute#pr60017.c
execute#cmpdi-1.c
compile#pr58901-0.c
compile#pr77754-6.c
execute#pr49419.c
execute#pr55137.c
compile#930118-1.c
compile#pr46637.c
execute#builtin-types-compatible-p.c
compile#20020330-1.c
execute#ieee#mzero5.c
compile#pr47150.c
compile#20080903-1.c
compile#lll.c
execute#20080519-1.c
compile#pr52891-2.c
compile#pr49474.c
compile#pr41661.c
compile#pr93505.c
compile#20010903-2.c
compile#20030725-1.c
compile#bitfield-endian-1.c
compile#add386.c
execute#pr61306-3.c
compile#20000923-1.c
execute#20010106-1.c
execute#931004-14.c
compile#pr55273.c
compile#20060215-1.c
execute#builtins#lib#fprintf.c
compile#20000405-1.c
compile#memtst.c
compile#20011218-1.c
compile#pr49145.c
compile#pr51767.c
execute#20011126-2.c
execute#980608-1.c
execute#builtins#memmove-2.c
execute#960218-1.c
execute#pr41395-1.c
execute#920302-1.c
execute#pr17252.c
compile#950124-1.c
compile#pr17906.c
compile#pr103513.c
compile#pr42717.c
execute#loop-5.c
compile#pr45919.c
compile#pr53411.c
execute#20000313-1.c
execute#20190228-1.c
compile#pr82875.c
execute#20021127-1.c
compile#20031112-1.c
compile#mtst.c
compile#limits-declparen.c
execute#pr94412.c
execute#pr100453.c
execute#pr84478.c
compile#regs-arg-size.c
execute#complex-1.c
execute#regstack-1.c
execute#pr86844.c
compile#20101216-1.c
execute#ieee#cdivchkf.c
compile#pr47427.c
execute#20011024-1.c
execute#pr82387.c
compile#pr42708-1.c
compile#20060217-1.c
execute#pr43236.c
execute#ashrdi-1.c
execute#20000910-1.c
execute#20000412-1.c
compile#pr48161.c
execute#980709-1.c
execute#cmpsf-1.c
execute#builtins#20010124-1.c
execute#pr33870-1.c
compile#920625-2.c
compile#pr30433.c
execute#20000731-1.c
execute#builtin-prefetch-1.c
execute#20020506-1.c
compile#pr33166.c
execute#pr87053.c
compile#20030503-1.c
execute#930408-1.c
compile#pr90275.c
execute#pr69691.c
execute#pr24716.c
execute#pr56799.c
execute#pr98727.c
execute#pr85169.c
compile#950719-1.c
execute#pr28982a.c
execute#pr59221.c
compile#opout.c
execute#string-opt-17.c
execute#20040709-1.c
compile#pr42705.c
execute#pr97888-1.c
compile#pr70061.c
compile#pr89655.c
execute#pending-4.c
compile#limits-caselabels.c
execute#pr83298.c
execute#pr70127.c
compile#20011217-2.c
execute#comp-goto-1.c
compile#pr64494.c
compile#pr44707.c
compile#pr35431.c
compile#pr37742-3.c
compile#pr23946.c
execute#nestfunc-6.c
execute#20020611-1.c
compile#921202-1.c
execute#20000217-1.c
execute#pr68376-2.c
execute#940115-1.c
compile#20040907-1.c
execute#pr58640.c
execute#pr68532.c
execute#pr64979.c
execute#pr97325.c
execute#20010122-1.c
compile#pr71693.c
execute#builtins#sprintf.c
compile#pr87468.c
compile#pr32606.c
execute#pr70566.c
execute#builtins#stpncpy-chk.c
execute#pr43987.c
execute#string-opt-18.c
execute#pr19005.c
compile#pr49710.c
compile#pr79413.c
compile#20100609-1.c
compile#complex-6.c
compile#pr89399.c
compile#pr44831.c
execute#20031020-1.c
compile#990617-1.c
execute#941015-1.c
execute#stdarg-4.c
execute#20070614-1.c
execute#ieee#20041213-1.c
compile#complex-1.c
compile#pr92449.c
compile#921021-1.c
execute#pr37125.c
execute#pr30185.c
compile#pr38590-2.c
execute#20020206-2.c
execute#struct-ret-1.c
execute#20071120-1.c
execute#pr70460.c
execute#scope-1.c
execute#pr38051.c
compile#builtin_constant_p.c
compile#20000412-2.c
compile#pr56745.c
compile#20020303-1.c
execute#bcp-1.c
compile#sync-2.c
execute#bitfld-1.c
compile#920809-1.c
execute#20030125-1.c
compile#pr99787-1.c
execute#pr90025.c
compile#20090917-1.c
execute#20010604-1.c
execute#20021024-1.c
compile#20000326-1.c
execute#980604-1.c
execute#pr65215-3.c
execute#loop-13.c
execute#990326-1.c
compile#pr104499.c
execute#pr22061-1.c
compile#asmgoto-5.c
execute#loop-7.c
compile#940718-1.c
execute#20000605-3.c
execute#va-arg-14.c
compile#20020109-1.c
execute#builtins#lib#strncat.c
compile#pr96796.c
execute#960311-1.c
execute#20000519-1.c
compile#930325-1.c
compile#limits-blockid.c
compile#pr65241.c
execute#pr97386-2.c
execute#20080506-2.c
execute#930123-1.c
execute#20011109-1.c
execute#pr45070.c
execute#scal-to-vec3.c
compile#pr34138.c
compile#pret-arg.c
execute#20000815-1.c
compile#20040109-1.c
execute#pr89826.c
compile#920611-2.c
execute#921204-1.c
compile#pr92891.c
compile#m68k-byte-addr.c
execute#20081103-1.c
compile#section.c
compile#pr92056.c
compile#dm.c
execute#20020503-1.c
compile#BUG11.c
execute#pr30778.c
compile#pr16461.c
compile#asmgoto-4.c
execute#991118-1.c
compile#pr38554.c
compile#pr41006-2.c
execute#loop-3c.c
compile#pr47140.c
compile#20071105-1.c
compile#20040317-2.c
execute#ieee#cdivchkd.c
compile#xpp.c
compile#pr80443.c
execute#pr91597.c
execute#pr61673.c
execute#pr42691.c
compile#pr52555.c
compile#vector-5.c
execute#980716-1.c
compile#pr54925.c
compile#c.c
compile#pr65163.c
compile#pr90840.c
execute#pr58831.c
compile#pr42049.c
execute#20111227-1.c
compile#pr45047.c
compile#pr37381.c
execute#pr78378.c
compile#pr59743.c
compile#pr37026.c
execute#930930-1.c
execute#pr21173.c
compile#20031031-1.c
execute#pr91632.c
compile#990527-1.c
execute#va-arg-2.c
execute#20001203-2.c
compile#simd-2.c
compile#pr29128.c
execute#pr20466-1.c
compile#string-large-1.c
execute#pr59387.c
compile#pr88347.c
execute#950628-1.c
compile#991202-1.c
execute#va-arg-15.c
execute#builtins#snprintf-chk.c
execute#pr68624.c
compile#pr98096.c
compile#20011114-4.c
execute#bswap-3.c
execute#20141022-1.c
execute#20020404-1.c
execute#scal-to-vec2.c
execute#pr94524-1.c
compile#20150108.c
compile#mangle-1.c
compile#pr41016.c
compile#structs.c
execute#pr29695-2.c
execute#ipa-sra-2.c
execute#loop-8.c
execute#20090113-2.c
execute#pr57875.c
compile#20060109-1.c
compile#20011114-3.c
execute#940122-1.c
execute#pr65956.c
execute#20020615-1.c
execute#pr41239.c
compile#20081108-3.c
execute#ieee#mzero4.c
execute#20080117-1.c
compile#irreducible-loop.c
execute#pr28982b.c
compile#930217-1.c
execute#alias-2.c
compile#dll.c
execute#builtins#lib#memcmp.c
compile#limits-fnargs.c
compile#20030530-3.c
compile#20010118-1.c
compile#pr52255.c
execute#builtin-prefetch-4.c
execute#930725-1.c
execute#pr85529-2.c
compile#pr38505.c
execute#pr36038.c
execute#20030718-1.c
compile#iftrap-3.c
execute#builtins#lib#memset.c
execute#pr54937.c
compile#pr77754-5.c
execute#20100416-1.c
execute#20020215-1.c
compile#as.c
compile#pr100278.c
compile#20030624-1.c
execute#cmpsi-2.c
execute#20040709-2.c
execute#builtins#lib#chk.c
execute#pr23604.c
execute#pr34130.c
compile#20010227-1.c
compile#20010328-1.c
compile#20021212-1.c
execute#arith-rand-ll.c
compile#pr34885.c
compile#pr25311.c
execute#builtins#abs-2.c
compile#pr46832.c
execute#strcpy-1.c
compile#pr44687.c
compile#20070915-1.c
compile#pr42025-1.c
compile#pr65680.c
execute#pr28778.c
compile#20070603-1.c
execute#960209-1.c
execute#builtins#strncpy.c
execute#pr70222-2.c
compile#b88.c
execute#990211-1.c
execute#980612-1.c
execute#pr104196.c
compile#pr17273.c
execute#930622-2.c
compile#pr43417.c
compile#pr48734.c
execute#pr20601-1.c
execute#pr79737-1.c
compile#20020415-1.c
execute#961112-1.c
execute#pr35800.c
execute#packed-aligned.c
compile#pr101941-1.c
execute#980605-1.c
execute#20100708-1.c
compile#20070522-1.c
compile#20070531-2.c
compile#20000717-1.c
compile#pr70916.c
compile#pr96426.c
compile#20000629-1.c
compile#t.c
execute#970923-1.c
execute#20000225-1.c
execute#20041126-1.c
execute#builtins#mempcpy-chk.c
compile#20001116-1.c
execute#930111-1.c
compile#pr52714.c
execute#builtins#strchr.c
execute#builtins#strspn.c
execute#pr22141-2.c
compile#pr14730.c
compile#930111-1.c
compile#pr12517.c
execute#memset-3.c
execute#960512-1.c
compile#pr45728.c
compile#20020320-1.c
compile#20030109-1.c
execute#call-trap-1.c
compile#pr30564-2.c
execute#20060412-1.c
compile#20040602-1.c
compile#20071102-1.c
execute#va-arg-trap-1.c
execute#20030606-1.c
compile#20041007-1.c
compile#pr58088.c
compile#pr69740-2.c
execute#920922-1.c
compile#920520-1.c
execute#20050224-1.c
execute#pr91137.c
compile#20080922-1.c
execute#bf-pack-1.c
execute#pr51933.c
compile#20040317-1.c
execute#20001026-1.c
compile#pr58997.c
compile#pr37617.c
execute#lto-tbaa-1.c
compile#pr89280.c
compile#pr23237.c
execute#pr37882.c
compile#pr56571.c
execute#991014-1.c
execute#20070212-2.c
compile#pr43367.c
execute#pr40493.c
execute#pr68390.c
execute#20010518-1.c
execute#20030928-1.c
execute#builtins#strlen.c
execute#pr68506.c
compile#debugvlafunction-1.c
execute#pr78726.c
execute#20011019-1.c
compile#990203-1.c
execute#alias-3.c
compile#20020312-1.c
execute#pr17377.c
compile#struct-non-lval-3.c
execute#pr60960.c
execute#990829-1.c
compile#pc44485.c
compile#20021015-2.c
compile#pr46360.c
execute#pr88739.c
execute#divcmp-5.c
execute#ieee#acc2.c
execute#pr48973-1.c
execute#20020129-1.c
compile#20040624-1.c
compile#pr71109.c
execute#pr99079.c
execute#20041011-1.c
execute#floatunsisf-1.c
execute#990404-1.c
compile#DFcmp.c
compile#950512-1.c
execute#pr39100.c
execute#pr57321.c
execute#20090814-1.c
compile#pr48517.c
execute#va-arg-12.c
compile#bbb.c
execute#pr51877.c
compile#pass.c
compile#20170419-1.c
compile#pr43636.c
compile#pr45412.c
compile#pr47141.c
execute#920731-1.c
execute#cbrt.c
compile#pr41646.c
execute#pr103209.c
execute#pr42006.c
compile#bge.c
compile#20000802-1.c
execute#pr83362.c
execute#divcmp-3.c
execute#20061101-2.c
compile#pr53886.c
execute#20040309-1.c
execute#va-arg-24.c
compile#pr98726.c
compile#pr39886.c
compile#20011119-1.c
execute#pr58640-2.c
execute#pr65216.c
compile#pr105234.c
compile#pr61222-1.c
execute#shiftopt-1.c
execute#pr70602.c
compile#pr89663-1.c
execute#builtins#strrchr.c
compile#20040415-2.c
execute#pr33631.c
compile#pr16566-2.c
compile#920701-1.c
execute#20010116-1.c
compile#jmp.c
execute#ieee#20010226-1.c
compile#20011114-1.c
compile#20081203-1.c
execute#printf-chk-1.c
execute#pr71631.c
compile#20030907-1.c
compile#pr83222.c
execute#builtins#lib#mempcpy.c
execute#builtins#strcpy-2.c
execute#builtins#strpbrk.c
execute#990524-1.c
execute#20101011-1.c
compile#20140110-1.c
compile#pr93776.c
execute#20000703-1.c
compile#20030323-1.c
compile#pr33146.c
execute#mayalias-3.c
execute#20020412-1.c
compile#20011219-1.c
execute#pr58574.c
execute#20031201-1.c
execute#scal-to-vec1.c
execute#bitfld-8.c
compile#pr61159.c
execute#pr65170.c
execute#20171008-1.c
compile#pr90275-2.c
execute#20000412-4.c
compile#pr55955.c
compile#asmgoto-2.c
execute#20020529-1.c
execute#cvt-1.c
execute#pr38048-2.c
compile#20020116-1.c
execute#20010915-1.c
execute#20071216-1.c
compile#pr87647.c
compile#pr61848.c
execute#920428-1.c
execute#ieee#20000320-1.c
compile#20060419-1.c
execute#pr20527-1.c
execute#20011219-1.c
execute#pr47538.c
compile#pr42559.c
compile#20071128-1.c
compile#20121107-1.c
compile#pr32453.c
compile#pr37258.c
execute#20050502-1.c
execute#20020508-3.c
execute#920501-3.c
compile#pr25310.c
compile#sync-1.c
compile#920501-20.c
execute#builtins#strcpy.c
compile#pr27087.c
execute#pr27260.c
compile#930529-1.c
execute#pr38533.c
execute#20030613-1.c
compile#920710-2.c
compile#pr24883.c
compile#pr38123.c
compile#pr42347.c
execute#pr86231.c
compile#r1.c
execute#20030222-1.c
execute#ieee#cdivchkld.c
compile#pr83051.c
execute#va-arg-6.c
execute#pr78617.c
compile#pr42196-2.c
compile#pr41006-1.c
compile#951222-1.c
execute#921207-1.c
compile#pr46883.c
compile#nested-3.c
execute#pr62151.c
execute#pure-1.c
compile#990519-1.c
execute#pr70586.c
execute#20030916-1.c
compile#pr21356.c
compile#limits-exprparen.c
execute#961122-2.c
compile#pr97576.c
compile#pr53058.c
execute#930513-1.c
compile#limits-pointer.c
execute#990413-2.c
execute#950714-1.c
execute#divmod-1.c
execute#pr53645-2.c
compile#pr43635.c
compile#structret.c
execute#20000112-1.c
compile#pr100241-1.c
execute#20000731-2.c
execute#divcmp-2.c
execute#pr33992.c
compile#pr59417.c
compile#20021120-1.c
execute#pr33870.c
compile#920501-18.c
compile#pr44788.c
compile#pr33617.c
execute#921202-2.c
execute#pr78791.c
compile#20020323-1.c
execute#pr94524-2.c
execute#pr64255.c
compile#20090401-1.c
compile#20030804-1.c
execute#pr83269.c
compile#pr67143.c
compile#pr47157.c
compile#20040124-1.c
compile#logic.c
compile#pr68013.c
compile#compound-literal-3.c
execute#pr95731.c
compile#llbug.c
execute#pr44164.c
compile#zero-strct-2.c
execute#20000511-1.c
compile#pr44937.c
compile#pr41181.c
execute#loop-ivopts-1.c
compile#pr94238.c
execute#pr34154.c
compile#parms.c
execute#pr71083.c
compile#pr34808.c
execute#pr81556.c
execute#980505-1.c
compile#pr40692.c
execute#pr63659.c
execute#20120427-1.c
execute#950612-1.c
execute#920501-9.c
execute#pr58570.c
compile#930513-2.c
compile#pr58946.c
execute#pr44555.c
compile#pr35318.c
compile#bt386.c
execute#pr67714.c
compile#pr72749.c
execute#pr68250.c
compile#20031231-1.c
execute#20030920-1.c
execute#pr58209.c
compile#pr52092.c
compile#pr39824.c
execute#pr34415.c
compile#pr37285.c
compile#pr38360.c
execute#pr49644.c
compile#pr71436.c
compile#pr29201.c
execute#981001-1.c
compile#pr51354.c
compile#pr20539-1.c
execute#pr79450.c
compile#20020926-1.c
compile#20110902.c
compile#20111209-1.c
execute#loop-3.c
execute#simd-5.c
compile#pr84845.c
execute#931110-1.c
execute#pr70903.c
execute#930628-1.c
execute#pr57281.c
execute#20010325-1.c
execute#pr23324.c
execute#builtins#memset-chk.c
compile#pr65803.c
execute#builtins#strcmp.c
execute#memset-2.c
execute#pr85095.c
execute#20020510-1.c
compile#20021108-1.c
execute#pr38422.c
execute#pr64957.c
execute#builtins#strstr-asm-lib.c
compile#pr27528.c
execute#20041201-1.c
execute#dbra-1.c
execute#920501-6.c
compile#pr83164.c
execute#20051110-2.c
compile#struct-non-lval-2.c
compile#pr71328.c
execute#921202-1.c
compile#pr94488.c
execute#980223.c
execute#stkalign.c
compile#pr82381.c
compile#941014-1.c
compile#921011-1.c
execute#990128-1.c
execute#pr35472.c
compile#20030904-1.c
compile#pr10153-1.c
execute#enum-1.c
execute#pr68841.c
execute#pr58385.c
execute#20011121-1.c
execute#991016-1.c
compile#vla-const-1.c
compile#20090328-1.c
compile#pr35607.c
execute#pr85156.c
compile#pr43679.c
compile#pr70355.c
compile#attr-retain-1.c
compile#20000701-1.c
execute#930614-2.c
execute#pr42248.c
compile#pr51694.c
execute#pr17133.c
compile#pr59362.c
execute#20071202-1.c
compile#pr48767.c
execute#pr58419.c
execute#pr69097-1.c
execute#user-printf.c
compile#pr34448.c
execute#960302-1.c
compile#pr91204.c
compile#20180309-1.c
compile#20081101-1.c
compile#pr54552-1.c
compile#dbl_parm.c
compile#20080721-1.c
compile#sync-3.c
execute#pr97421-3.c
execute#20020406-1.c
execute#builtins#complex-1.c
execute#20031211-2.c
compile#pr51246.c
execute#ieee#fp-cmp-6.c
execute#20030811-1.c
execute#920618-1.c
compile#pr39636.c
execute#pr51447.c
compile#900313-1.c
compile#pr54103-1.c
compile#pr47428.c
execute#ieee#pr72824-2.c
execute#pr65215-5.c
compile#pr50565-2.c
compile#BUG12.c
compile#20020604-1.c
execute#pr89434.c
execute#pr93249.c
compile#20040621-1.c
execute#pr82524.c
execute#20050826-2.c
compile#20080419-1.c
execute#struct-cpy-1.c
execute#pr71626-1.c
execute#ieee#20030331-1.c
execute#pr91635.c
execute#compare-1.c
execute#20000113-1.c
compile#20050520-1.c
compile#20011119-2.c
compile#pyr2.c
compile#20050721-1.c
compile#pr44197.c
execute#20060930-1.c
execute#20011115-1.c
execute#20020213-1.c
compile#limits-externdecl.c
compile#20050423-1.c
execute#20000528-1.c
execute#pr94734.c
execute#20060102-1.c
compile#pr43845.c
compile#pr17397.c
compile#shloop.c
compile#pr53748.c
compile#pr43191.c
execute#20020201-1.c
compile#pr35043.c
compile#pr43791.c
execute#pr40657.c
execute#920726-1.c
compile#pr65735.c
execute#920721-4.c
compile#20000827-1.c
execute#fprintf-1.c
execute#pr88904.c
compile#pr32355.c
execute#pr80692.c
compile#pr48742.c
compile#pr46547-1.c
compile#20040611-1.c
execute#gofast.c
execute#pr46316.c
compile#pr67506.c
execute#950710-1.c
execute#991201-1.c
execute#20071108-1.c
execute#pr84524.c
execute#20000224-1.c
execute#920429-1.c
execute#pr82210.c
execute#pr91450-2.c
execute#builtin-prefetch-3.c
execute#20010605-2.c
execute#builtins#abs-3.c
execute#pr52760.c
execute#20020226-1.c
execute#ieee#20001122-1.c
execute#20050604-1.c
execute#20030120-1.c
compile#920521-1.c
execute#pr57130.c
compile#sc.c
execute#990826-0.c
execute#920730-1.c
compile#930523-1.c
execute#pr92618.c
compile#pr33382.c
execute#simd-2.c
compile#20020530-1.c
execute#builtins#strlen-2.c
execute#pr71494.c
execute#builtins#strpcpy.c
compile#991229-1.c
compile#pr38857.c
execute#920501-8.c
execute#930518-1.c
execute#20071211-1.c
compile#pr10153-2.c
execute#pr34176.c
compile#pr103813.c
compile#20011229-1.c
compile#pr33173.c
compile#pr100316.c
execute#pr66556.c
compile#20000825-1.c
execute#builtins#lib#sprintf.c
execute#vrp-2.c
compile#cpp-2.c
execute#20120808-1.c
compile#20031203-1.c
execute#20021120-1.c
compile#pr103314-1.c
compile#pr82564.c
execute#va-arg-21.c
compile#pr46866.c
compile#980506-2.c
execute#divcmp-4.c
execute#20050502-2.c
execute#builtins#lib#memmove.c
compile#930506-2.c
execute#20010409-1.c
compile#pr32988.c
execute#pr39240.c
execute#conversion.c
compile#pr89663-2.c
compile#signext.c
compile#20031125-1.c
execute#20050203-1.c
execute#20010222-1.c
compile#20040914-1.c
compile#pr83510.c
execute#builtins#strncat.c
execute#loop-2b.c
compile#20110401-1.c
execute#builtins#mempcpy.c
compile#pr27863.c
compile#pr34688.c
compile#921206-1.c
execute#pr83383.c
execute#va-arg-26.c
compile#981007-1.c
compile#pr38789.c
execute#pr40747.c
compile#ac.c
execute#20081218-1.c
execute#pr84169.c
execute#920710-1.c
compile#test-loop.c
execute#pr65053-2.c
compile#pr17913.c
compile#udivmod4.c
compile#pr80233.c
compile#pr33641.c
execute#20140212-2.c
execute#20030714-1.c
compile#pr53226.c
compile#pr99225.c
execute#pr84748.c
compile#pr56484.c
compile#20161124-1.c
execute#20050929-1.c
execute#pr98474.c
execute#20061031-1.c
execute#20070212-3.c
execute#pr41917.c
compile#bcopy.c
compile#20041026-1.c
compile#20071114-1.c
execute#pr64682.c
compile#20041018-1.c
compile#pr70240.c
compile#20010114-2.c
execute#pr57344-3.c
compile#pr37669.c
compile#981006-1.c
compile#pr34091.c
compile#pr30564-1.c
compile#20110131-1.c
compile#pr24930.c
execute#20050215-1.c
compile#pr38926.c
compile#nested-1.c
execute#pr68328.c
execute#builtins#mempcpy-2.c
execute#pr68376-1.c
execute#961206-1.c
execute#usad-run.c
execute#pr85529-1.c
execute#pr93744-2.c
compile#pr40570.c
execute#920501-2.c
execute#20021118-2.c
execute#va-arg-5.c
execute#ieee#fp-cmp-4.c
execute#pr42833.c
execute#pr70005.c
compile#950607-1.c
compile#991008-1.c
compile#pr59119.c
compile#20020315-1.c
execute#20041124-1.c
compile#20010510-1.c
execute#930603-1.c
execute#20100209-1.c
compile#pr52533.c
compile#20020120-1.c
execute#pr47337.c
execute#pr92140.c
execute#memset-4.c
execute#20000801-1.c
execute#pr42512.c
compile#20030708-1.c
execute#pr79354.c
execute#930718-1.c
compile#20020706-2.c
compile#920617-1.c
execute#pr86714.c
compile#pr88423.c
execute#ieee#copysign1.c
compile#pr53410-1.c
execute#bitfld-9.c
execute#pr85582-1.c
compile#pr81360.c
execute#simd-6.c
execute#20001124-1.c
execute#pr15296.c
compile#simd-5.c
compile#20000403-1.c
compile#pr42956.c
execute#20020402-2.c
execute#20020418-1.c
compile#pr101562.c
compile#961126-1.c
compile#pr54428.c
execute#20000227-1.c
compile#pr57441.c
compile#950910-1.c
compile#20051216-1.c
execute#builtins#lib#strrchr.c
compile#pr83069.c
compile#pr39943.c
execute#pr79737-2.c
compile#pr84178-1.c
execute#20020216-1.c
compile#20010610-1.c
execute#pr81281.c
execute#loop-15.c
compile#pr53519.c
execute#960416-1.c
compile#pr34856.c
execute#20000605-2.c
execute#pr32500.c
execute#20070623-1.c
execute#strcpy-2.c
compile#20001222-1.c
execute#pr10352-1.c
execute#pr44828.c
compile#pr65875.c
execute#pr24141.c
compile#pr102645.c
compile#20080929-1.c
compile#asmgoto-1.c
compile#20000605-1.c
execute#divcmp-1.c
compile#20010124-1.c
compile#pr63761.c
execute#pr57877.c
compile#pr43288.c
compile#pr42632.c
compile#930527-1.c
compile#pr20412.c
compile#conv_tst.c
compile#limits-fndefn.c
compile#pr40080.c
compile#20020409-1.c
compile#pr53495.c
execute#loop-ivopts-2.c
execute#20030203-1.c
execute#shiftdi-2.c
compile#20160205-1.c
compile#961010-1.c
compile#simd-1.c
execute#strlen-5.c
execute#pr36077.c
execute#builtins#fputs-lib.c
compile#pr103317-1.c
compile#20031125-2.c
execute#20051110-1.c
compile#pr106878.c
execute#20001101.c
execute#20071205-1.c
execute#pr69447.c
compile#20050206-1.c
execute#pr27285.c
compile#pr103288-1.c
compile#20080812-1.c
execute#builtins#strcat.c
compile#pr54103-6.c
compile#pr28905.c
execute#pr56866.c
compile#pr34458.c
compile#20050122-2.c
compile#pr81207.c
execute#20070724-1.c
compile#20010423-1.c
compile#pr72771.c
execute#bf64-1.c
compile#limits-structnest.c
execute#pr28289.c
compile#pr52773.c
compile#20050801-2.c
compile#pr34334.c
compile#920501-4.c
compile#jumptab.c
compile#20070520-1.c
compile#ssa-pre-1.c
compile#pr56448.c
compile#pr57108.c
compile#pr60502.c
execute#pr43385.c
compile#pr35432.c
compile#pr32349.c
execute#builtin-prefetch-2.c
execute#memcpy-1.c
execute#20040703-1.c
compile#pr79621.c
compile#pr98407.c
execute#va-arg-16.c
compile#pr39845.c
compile#pr94621.c
compile#pr91001.c
execute#pr36034-2.c
compile#20011219-2.c
compile#bf.c
compile#sra-1.c
compile#pr68538.c
compile#pr78694.c
execute#pr97421-2.c
compile#pr45109.c
compile#20140528-1.c
execute#pr49039.c
compile#pr78574.c
compile#pr70190.c
compile#pr59102.c
execute#20060930-2.c
compile#20070905-1.c
compile#20001212-1.c
execute#pr56205.c
compile#pr82052.c
execute#pr59229.c
execute#960215-1.c
compile#20120822-1.c
compile#20040202-1.c
execute#pr87290.c
execute#20010129-1.c
execute#20071029-1.c
execute#pr52979-1.c
execute#bswap-2.c
compile#pr34093.c
execute#pr65401.c
execute#20041112-1.c
execute#pr58431.c
execute#20000223-1.c
execute#builtins#lib#strstr.c
execute#pr48571-1.c
execute#pr35456.c
execute#ieee#20010114-2.c
execute#float-floor.c
compile#pr17119.c
compile#pr43255.c
compile#20040214-2.c
execute#built-in-setjmp.c
execute#pr104604.c
compile#991213-1.c
compile#20001121-1.c
compile#20110913-1.c
compile#930109-2.c
execute#enum-3.c
compile#20090331-1.c
compile#20040708-1.c
execute#pr78559.c
compile#pr19080.c
execute#pr85756.c
compile#20011023-1.c
execute#990628-1.c
compile#pr78527.c
compile#pr46856.c
execute#pr20100-1.c
compile#pr81595.c
execute#postmod-1.c
compile#pr84960.c
execute#mode-dependent-address.c
compile#asmgoto-3.c
execute#20030914-2.c
execute#pr71550.c
execute#pr89634.c
compile#pr26833.c
compile#dilayout.c
compile#pr46248.c
compile#pr85945.c
compile#950612-1.c
execute#20001108-1.c
execute#920625-1.c
compile#sound.c
execute#builtins#memset.c
execute#20170401-1.c
compile#pr101642.c
compile#pr39648.c
execute#pr67037.c
execute#stdarg-2.c
execute#pr52209.c
execute#builtins#20010124-1-lib.c
compile#uuarg.c
compile#981001-2.c
compile#pr41987.c
execute#20030715-1.c
compile#pr65014.c
execute#920520-1.c
execute#pr77766.c
compile#20080625-1.c
execute#pr51581-2.c
compile#pr37418-3.c
execute#complex-4.c
execute#20041218-1.c
execute#pr51581-1.c
compile#20030604-1.c
compile#950729-1.c
compile#pr50650.c
execute#pr58364.c
compile#pr37056.c
compile#pr84111.c
execute#pr19449.c
compile#20110126-1.c
execute#931004-12.c
execute#strlen-1.c
compile#pr35492.c
execute#pr93213.c
execute#pr64006.c
compile#pr103682.c
compile#pr54559.c
compile#20040415-1.c
compile#pr49029.c
compile#pr55832.c
execute#20071210-1.c
execute#pr37924.c
compile#20120927-1.c
execute#memchr-1.c
execute#pr43835.c
compile#980511-1.c
execute#switch-1.c
execute#builtin-prefetch-6.c
execute#builtins#memchr.c
compile#pr17408.c
compile#pr52979-1.c
execute#pr85582-3.c
unsorted#dump-noaddr.c
execute#991228-1.c
execute#pr43008.c
execute#pr34971.c
execute#931228-1.c
compile#pr37382.c
compile#pr89235.c
execute#20001017-1.c
execute#20051215-1.c
compile#attr-used-retain-1.c
execute#950322-1.c
compile#960130-1.c
compile#pr56539.c
execute#nestfunc-1.c
compile#pr69214.c
compile#pr30338.c
compile#980816-1.c
execute#20051113-1.c
execute#ssad-run.c
execute#921124-1.c
execute#strlen-4.c
compile#pr60071.c
compile#pr60818.c
execute#pr33142.c
execute#20000422-1.c
execute#20061101-1.c
execute#941014-1.c
compile#20160802-1.c
execute#pr42231.c
execute#pr20187-1.c
execute#pr68249.c
compile#20010605-2.c
compile#log2.c
execute#pr67781.c
compile#pr30311.c
execute#980526-2.c
compile#a3.c
compile#pr52306.c
execute#930719-1.c
compile#pr37380.c
execute#pr97888-2.c
compile#trunctfdf.c
execute#960513-1.c
compile#20070919-1.c
compile#20031031-2.c
execute#pr82954.c
compile#20031011-2.c
execute#991216-2.c
execute#20020227-1.c
compile#920723-1.c
execute#pr34456.c
compile#20010714-1.c
execute#pr77718.c
execute#builtins#memmove-chk.c
compile#pr91190.c
execute#stdarg-3.c
execute#930930-2.c
compile#pr86637-2.c
compile#pr67816.c
execute#990222-1.c
execute#20041019-1.c
compile#20080124-1.c
compile#pr36245.c
execute#pr42614.c
compile#pr21840.c
execute#pr105613.c
compile#20101217-1.c
compile#pr84860.c
execute#pr93908.c
execute#builtins#memops-asm-lib.c
execute#simd-4.c
execute#20010518-2.c
execute#pr49390.c
compile#BUG23.c
